
--------------------------------------------------------------------------------------------------

   -->  <  report created on Thu Mar 14 22:23:06 UTC 2019  >

Send to your local distributors support or: support@ids-imaging.de
Homepage: http://www.ids-imaging.de for driver updates

--------------------------------------------------------------------------------------------------

   -->  <  user information  >


*** <  current user: root  > ***


*** <  groups: root  > ***


--------------------------------------------------------------------------------------------------

   -->  <  system limits  >

core file size          (blocks, -c) 0
data seg size           (kbytes, -d) unlimited
scheduling priority             (-e) 0
file size               (blocks, -f) unlimited
pending signals                 (-i) 3851
max locked memory       (kbytes, -l) 64
max memory size         (kbytes, -m) unlimited
open files                      (-n) 1024
pipe size            (512 bytes, -p) 8
POSIX message queues     (bytes, -q) 819200
real-time priority              (-r) 0
stack size              (kbytes, -s) 8192
cpu time               (seconds, -t) unlimited
max user processes              (-u) 3851
virtual memory          (kbytes, -v) unlimited
file locks                      (-x) unlimited

--------------------------------------------------------------------------------------------------

   -->  <  Linux version  >

Linux version 4.9.0-xilinx-v2017.4 (hypso@hypso-sw) (gcc version 6.2.1 20161016 (Linaro GCC 6.2-2016.11) ) #1 SMP PREEMPT Fri Mar 15 21:22:57 CET 2019

--------------------------------------------------------------------------------------------------

   -->  <  Linux distribution version  >

PetaLinux 2017.4 \n \l


--------------------------------------------------------------------------------------------------

   -->  <  GCC version information  >

GNU compiler collection:  Using built-in specs. COLLECT_GCC=gcc COLLECT_LTO_WRAPPER=/usr/libexec/gcc/arm-xilinx-linux-gnueabi/6.2.1/lto-wrapper Target: arm-xilinx-linux-gnueabi Configured with: ../../../../../../work-shared/gcc-linaro-6.2-r2016.11/git/configure --build=x86_64-linux --host=arm-xilinx-linux-gnueabi --target=arm-xilinx-linux-gnueabi --prefix=/usr --exec_prefix=/usr --bindir=/usr/bin --sbindir=/usr/sbin --libexecdir=/usr/libexec --datadir=/usr/share --sysconfdir=/etc --sharedstatedir=/com --localstatedir=/var --libdir=/usr/lib --includedir=/usr/include --oldincludedir=/usr/include --infodir=/usr/share/info --mandir=/usr/share/man --disable-silent-rules --disable-dependency-tracking --with-libtool-sysroot=/scratch/petalinux-yocto/yocto_sdk_full_2017.4/build/tmp/sysroots/zynq-generic --with-gnu-ld --enable-shared --enable-languages=c,c++ --enable-threads=posix --enable-multilib --enable-c99 --enable-long-long --enable-symvers=gnu --enable-libstdcxx-pch --program-prefix=arm-xilinx-linux-gnueabi- --without-local-prefix --enable-lto --enable-libssp --enable-libitm --disable-bootstrap --disable-libmudflap --with-system-zlib --with-linker-hash-style=gnu --enable-linker-build-id --with-ppl=no --with-cloog=no --enable-checking=release --enable-cheaders=c_global --without-isl --with-float=hard --with-sysroot=/ --with-build-sysroot=/scratch/petalinux-yocto/yocto_sdk_full_2017.4/build/tmp/sysroots/zynq-generic --with-gxx-include-dir=/usr/include/c++/6.2.1 --without-long-double-128 --disable-static --enable-nls --enable-initfini-array --with-arch=armv7-a Thread model: posix gcc version 6.2.1 20161016 (Linaro GCC 6.2-2016.11)
Glibc:                    Found '/lib/libc.so.6': GNU C Library (GNU libc) stable release version 2.23, by Roland McGrath et al.
X Windows:               

--------------------------------------------------------------------------------------------------

   -->  <  network information  >

eth0      Link encap:Ethernet  HWaddr 00:0A:35:00:1E:53  
          inet addr:129.241.3.116  Bcast:129.241.3.255  Mask:255.255.255.0
          inet6 addr: fe80::20a:35ff:fe00:1e53%lo/64 Scope:Link
          UP BROADCAST RUNNING MULTICAST  MTU:1500  Metric:1
          RX packets:5125 errors:0 dropped:0 overruns:0 frame:0
          TX packets:87 errors:0 dropped:0 overruns:0 carrier:0
          collisions:0 txqueuelen:1000 
          RX bytes:574638 (561.1 KiB)  TX bytes:14666 (14.3 KiB)
          Interrupt:27 Base address:0xb000 

lo        Link encap:Local Loopback  
          inet addr:127.0.0.1  Mask:255.0.0.0
          inet6 addr: ::1%1/128 Scope:Host
          UP LOOPBACK RUNNING  MTU:65536  Metric:1
          RX packets:0 errors:0 dropped:0 overruns:0 frame:0
          TX packets:0 errors:0 dropped:0 overruns:0 carrier:0
          collisions:0 txqueuelen:1 
          RX bytes:0 (0.0 B)  TX bytes:0 (0.0 B)


--------------------------------------------------------------------------------------------------

   -->  <  CPU information  >

processor	: 0
model name	: ARMv7 Processor rev 0 (v7l)
BogoMIPS	: 666.66
Features	: half thumb fastmult vfp edsp neon vfpv3 tls vfpd32 
CPU implementer	: 0x41
CPU architecture: 7
CPU variant	: 0x3
CPU part	: 0xc09
CPU revision	: 0

processor	: 1
model name	: ARMv7 Processor rev 0 (v7l)
BogoMIPS	: 666.66
Features	: half thumb fastmult vfp edsp neon vfpv3 tls vfpd32 
CPU implementer	: 0x41
CPU architecture: 7
CPU variant	: 0x3
CPU part	: 0xc09
CPU revision	: 0

Hardware	: Xilinx Zynq Platform
Revision	: 0003
Serial		: 0000000000000000

--------------------------------------------------------------------------------------------------

   -->  <  Memory information  >

MemTotal:         510444 kB
MemFree:          442472 kB
MemAvailable:     469588 kB
Buffers:            3608 kB
Cached:            31092 kB
SwapCached:            0 kB
Active:            31108 kB
Inactive:          27248 kB
Active(anon):      23744 kB
Inactive(anon):       88 kB
Active(file):       7364 kB
Inactive(file):    27160 kB
Unevictable:           0 kB
Mlocked:               0 kB
HighTotal:             0 kB
HighFree:              0 kB
LowTotal:         510444 kB
LowFree:          442472 kB
SwapTotal:             0 kB
SwapFree:              0 kB
Dirty:                32 kB
Writeback:             0 kB
AnonPages:         23708 kB
Mapped:             5300 kB
Shmem:               140 kB
Slab:               4880 kB
SReclaimable:       1128 kB
SUnreclaim:         3752 kB
KernelStack:         864 kB
PageTables:          320 kB
NFS_Unstable:          0 kB
Bounce:                0 kB
WritebackTmp:          0 kB
CommitLimit:      255220 kB
Committed_AS:     119656 kB
VmallocTotal:     507904 kB
VmallocUsed:           0 kB
VmallocChunk:          0 kB
CmaTotal:          16384 kB
CmaFree:           16100 kB

--------------------------------------------------------------------------------------------------

   -->  <  Linux run with command line  >

console=ttyPS0,115200 earlyprintk root=/dev/mmcblk0p2 rw rootwait

--------------------------------------------------------------------------------------------------

   -->  <  PCI devices  >


--------------------------------------------------------------------------------------------------

   -->  <  USB devices  >

Bus 001 Device 001: ID 1d6b:0002

--------------------------------------------------------------------------------------------------

   -->  <  Kernel modules  >

    Not tainted
uio_pdrv_genirq 2754 0 - Live 0xbf000000

--------------------------------------------------------------------------------------------------

   -->  <  network configuration  >

net.core.netdev_max_backlog = 10000
net.core.rmem_max = 8388608
net.core.rmem_default = 8388608
netstat: invalid option -- 's'
BusyBox v1.24.1 (2019-03-13 10:31:57 CET) multi-call binary.

Usage: netstat [-ral] [-tuwx] [-en]

Display networking information

	-r	Routing table
	-a	All sockets
	-l	Listening sockets
		Else: connected sockets
	-t	TCP sockets
	-u	UDP sockets
	-w	Raw sockets
	-x	Unix sockets
		Else: all socket types
	-e	Other/more information
	-n	Don't resolve names

--------------------------------------------------------------------------------------------------

   -->  <  access to /dev/shm  >

drwxrwxrwt    2 root     root            40 Jan  1  1970 /dev/shm

--------------------------------------------------------------------------------------------------

   -->  <  access to /var/run/ueyed  >

drwxr-xr-x    2 root     root           160 Mar 14 22:19 /var/run/ueyed
total 8
srwxrwxrwx    1 root     root             0 Mar 14 22:19 ueyeethctl
srwxrwxrwx    1 root     root             0 Mar 14 22:19 ueyeethd
-rw-r--r--    1 root     root             4 Mar 14 22:19 ueyeethd.pid
srwxrwxrwx    1 root     root             0 Mar 14 22:19 ueyeusbctl
srwxrwxrwx    1 root     root             0 Mar 14 22:19 ueyeusbd
-rw-r--r--    1 root     root             4 Mar 14 22:19 ueyeusbd.pid

--------------------------------------------------------------------------------------------------

   -->  <  running ueye software  >

 1072 root       0:01 /usr/local/share/ueye/ueyeethd/ueyeethd -c /usr/local/share/ueye/ueyeethd/ueyeethd.conf -P /var/run/ueyed/ueyeethd.pid -p
 1080 root       0:00 /usr/local/share/ueye/ueyeusbd/ueyeusbd -c /usr/local/share/ueye/ueyeusbd/ueyeusbd.conf -P /var/run/ueyed/ueyeusbd.pid -p
 1150 root       0:00 grep ueye

--------------------------------------------------------------------------------------------------

   -->  <  mount options  >

/dev/root on / type ext4 (rw,relatime,data=ordered)
devtmpfs on /dev type devtmpfs (rw,relatime,size=246516k,nr_inodes=61629,mode=755)
proc on /proc type proc (rw,relatime)
sysfs on /sys type sysfs (rw,relatime)
tmpfs on /run type tmpfs (rw,nosuid,nodev,mode=755)
tmpfs on /var/volatile type tmpfs (rw,relatime)
devpts on /dev/pts type devpts (rw,relatime,gid=5,mode=620,ptmxmode=000)
/dev/mmcblk0p1 on /run/media/mmcblk0p1 type vfat (rw,relatime,gid=6,fmask=0007,dmask=0007,allow_utime=0020,codepage=437,iocharset=iso8859-1,shortname=mixed,errors=remount-ro)

--------------------------------------------------------------------------------------------------

   -->  <  mounted filesystems  >

df: invalid option -- 'a'
BusyBox v1.24.1 (2019-03-13 10:31:57 CET) multi-call binary.

Usage: df [-PkmhT] [FILESYSTEM]...

Print filesystem usage statistics

	-P	POSIX output format
	-k	1024-byte blocks (default)
	-m	1M-byte blocks
	-h	Human readable (e.g. 1K 243M 2G)
	-T	Print filesystem type

--------------------------------------------------------------------------------------------------

   -->  <  udev rules  >

SUBSYSTEM=="usb", ATTR{idVendor}=="1409", OWNER="root", GROUP="root", MODE="0660"
SUBSYSTEM=="usb_device", ATTRS{idVendor}=="1409", OWNER="root", GROUP="root", MODE="0660"
SUBSYSTEM=="usb", ACTION=="add", ATTR{idVendor}=="1409", SYMLINK+="ueye/%m__%k__%s{idProduct}", RUN+="/usr/local/share/ueye/bin/ueyenotify -F usb -f %r/ueye/%m__%k__%s{idProduct}"
SUBSYSTEM=="usb_device", ACTION=="add", ATTRS{idVendor}=="1409", SYMLINK+="ueye/%m__%k__%s{idProduct}", RUN+="/usr/local/share/ueye/bin/ueyenotify -F usb -f %r/ueye/%m__%k__%s{idProduct}"
SUBSYSTEM=="usb", ACTION=="remove", ENV{DEVTYPE}=="usb_device", RUN+="/usr/local/share/ueye/bin/ueyenotify -F usb"

--------------------------------------------------------------------------------------------------

   -->  <  udev rules directory  >

drwxr-xr-x    2 root     root          4096 Mar 13 18:14 /etc/udev/rules.d
total 20
-rw-r--r--    1 root     root             0 Dec 13  2017 80-net-name-slot.rules
-rw-r--r--    1 root     root           847 Mar 13 09:31 automount.rules
-rw-r--r--    1 root     root           757 Mar 13 09:31 autonet.rules
-rw-r--r--    1 root     root           885 Dec 13  2017 local.rules
-rw-r--r--    1 root     root           843 Mar 13 09:31 localextra.rules
-rw-r--r--    1 root     root           655 May  9  2018 zz-ueyeusb.rules
total 20
-rw-r--r--    1 root     root             0 Dec 13  2017 80-net-name-slot.rules
-rw-r--r--    1 root     root           847 Mar 13 09:31 automount.rules
-rw-r--r--    1 root     root           757 Mar 13 09:31 autonet.rules
-rw-r--r--    1 root     root           885 Dec 13  2017 local.rules
-rw-r--r--    1 root     root           843 Mar 13 09:31 localextra.rules
-rw-r--r--    1 root     root           655 May  9  2018 zz-ueyeusb.rules

--------------------------------------------------------------------------------------------------

   -->  <  /dev/ueye: content and access  >

/dev/ueye doesn't exist.

--------------------------------------------------------------------------------------------------

   -->  <  /dev/uEye: content and access  >

/dev/uEye doesn't exist.

--------------------------------------------------------------------------------------------------

   -->  <  user and group information  >

id: unknown user ueyed
groups: unknown user ueyed

--------------------------------------------------------------------------------------------------

   -->  <  user and group information from files  >


--------------------------------------------------------------------------------------------------

   -->  <  installed libueye_api versions  >

lrwxrwxrwx    1 root     root            23 Mar 13 18:14 /usr/lib/libueye_api.so.1 -> /usr/lib/libueye_api.so
-rw-r--r--    1 root     root       5606452 May  9  2018 /usr/lib/libueye_api.so.4.90
lrwxrwxrwx    1 root     root            28 Mar 13 18:14 /usr/lib/libueye_api.so -> /usr/lib/libueye_api.so.4.90

--------------------------------------------------------------------------------------------------

   -->  <  libueye_api* dependencies  >

++ /usr/lib/libueye_api.so.1 dependencies ++
find: ldd: No such file or directory
++ /usr/lib/libueye_api.so.4.90 dependencies ++
find: ldd: No such file or directory
++ /usr/lib/libueye_api.so dependencies ++
find: ldd: No such file or directory

--------------------------------------------------------------------------------------------------

   -->  <  ueyeusbd version  >

IDS ueyeusbd  4.90.25.0 32bit build May  9 2018 11:45:11 ( cmdl scq )

--------------------------------------------------------------------------------------------------

   -->  <  ueyeusbd dependencies  >

report.sh: line 233: ldd: command not found

--------------------------------------------------------------------------------------------------

   -->  <  ueyeusbd configuration file  >

; ueyeusbd configuration file

[Parameters]
Usb3FirmwarePath = /usr/local/share/ueye/firmware/usb3/
Usb3AddonFirmwarePath = /usr/local/share/ueye/firmware/usb3_addon/
DeviceSequentialArrangement = 300


--------------------------------------------------------------------------------------------------

   -->  <  ueyeusbd status  >

ueyeusbd is running.

--------------------------------------------------------------------------------------------------

   -->  <  ueyeethd version  >

IDS ueyeethd  4.90.25.0 32bit build May  9 2018 11:45:18 ( cmdl hll scq )

--------------------------------------------------------------------------------------------------

   -->  <  ueyeethd dependencies  >

report.sh: line 254: ldd: command not found

--------------------------------------------------------------------------------------------------

   -->  <  ueyeethd configuration file  >

;Ni1
; Generated by Nickel v1.1.0 (see chaoslizard.org/devel/bohr).


[Parameters]
 Interfaces = eth0 sit0

[eth0]
 Port_Base = 50000

--------------------------------------------------------------------------------------------------

   -->  <  ueyeethd status  >

ueyeethd is running.

--------------------------------------------------------------------------------------------------

   -->  <  connected cameras  >

libueye_api.so Version 4.90.0035
uEye camera list dump
No cameras connected !

--------------------------------------------------------------------------------------------------

   -->  <  Latest uEye messages /var/log/messages (limit: 100)  >

Mar 14 22:19:29 avnet-digilent-zedboard-2017_4 daemon.err ueyeusbd[1080]: [2-0-0x00000000] 
Mar 14 22:19:29 avnet-digilent-zedboard-2017_4 daemon.err ueyeusbd[1080]: Driver loaded! Version: 4.90.25.0
Mar 14 22:19:30 avnet-digilent-zedboard-2017_4 daemon.err ueyeethd[1072]: [2-0-0x00000000] 
Mar 14 22:19:30 avnet-digilent-zedboard-2017_4 daemon.err ueyeethd[1072]: Driver loaded! Version: 4.90.25.0

--------------------------------------------------------------------------------------------------

   -->  <  Latest uEye messages of /var/log/syslog (limit: 100)  >


--------------------------------------------------------------------------------------------------

   -->  <  Latest USB messages /var/log/messages (limit: 100)  >

Mar 14 22:19:28 avnet-digilent-zedboard-2017_4 user.info kernel: usbcore: registered new interface driver usbfs
Mar 14 22:19:28 avnet-digilent-zedboard-2017_4 user.info kernel: usbcore: registered new interface driver hub
Mar 14 22:19:28 avnet-digilent-zedboard-2017_4 user.info kernel: usbcore: registered new device driver usb
Mar 14 22:19:28 avnet-digilent-zedboard-2017_4 user.info kernel: usbcore: registered new interface driver usb-storage
Mar 14 22:19:28 avnet-digilent-zedboard-2017_4 user.warn kernel: e0002000.usb supply vbus not found, using dummy regulator
Mar 14 22:19:28 avnet-digilent-zedboard-2017_4 user.info kernel: usbcore: registered new interface driver usbhid
Mar 14 22:19:28 avnet-digilent-zedboard-2017_4 user.info kernel: usbhid: USB HID core driver
Mar 14 22:19:29 avnet-digilent-zedboard-2017_4 daemon.err ueyeusbd[1080]: [2-0-0x00000000] 
Mar 14 22:19:29 avnet-digilent-zedboard-2017_4 daemon.err ueyeusbd[1080]: Driver loaded! Version: 4.90.25.0

--------------------------------------------------------------------------------------------------

   -->  <  Latest USB messages of /var/log/syslog (limit: 100)  >


--------------------------------------------------------------------------------------------------

   -->  <  USB kernel log entries  >

usbcore: registered new interface driver usbfs
usbcore: registered new interface driver hub
usbcore: registered new device driver usb
usbcore: registered new interface driver usb-storage
e0002000.usb supply vbus not found, using dummy regulator
usbcore: registered new interface driver usbhid
usbhid: USB HID core driver
